{"D:\\Workspace\\VSCode-NodeJS\\istanbul-code-coverage-poc\\src\\function1.js":{"path":"D:\\Workspace\\VSCode-NodeJS\\istanbul-code-coverage-poc\\src\\function1.js","s":{"1":1,"2":1,"3":1},"b":{},"f":{"1":1},"fnMap":{"1":{"name":"function1","line":1,"loc":{"start":{"line":1,"column":0},"end":{"line":2,"column":0}}}},"statementMap":{"1":{"start":{"line":1,"column":0},"end":{"line":4,"column":1}},"2":{"start":{"line":3,"column":4},"end":{"line":3,"column":30}},"3":{"start":{"line":6,"column":0},"end":{"line":8,"column":1}}},"branchMap":{}},"D:\\Workspace\\VSCode-NodeJS\\istanbul-code-coverage-poc\\src\\function2.js":{"path":"D:\\Workspace\\VSCode-NodeJS\\istanbul-code-coverage-poc\\src\\function2.js","s":{"1":1,"2":1,"3":1},"b":{},"f":{"1":1},"fnMap":{"1":{"name":"function2","line":1,"loc":{"start":{"line":1,"column":0},"end":{"line":2,"column":0}}}},"statementMap":{"1":{"start":{"line":1,"column":0},"end":{"line":4,"column":1}},"2":{"start":{"line":3,"column":4},"end":{"line":3,"column":30}},"3":{"start":{"line":6,"column":0},"end":{"line":8,"column":1}}},"branchMap":{}},"D:\\Workspace\\VSCode-NodeJS\\istanbul-code-coverage-poc\\src\\function3.js":{"path":"D:\\Workspace\\VSCode-NodeJS\\istanbul-code-coverage-poc\\src\\function3.js","s":{"1":1,"2":1,"3":1,"4":1},"b":{},"f":{"1":1},"fnMap":{"1":{"name":"function3","line":3,"loc":{"start":{"line":3,"column":0},"end":{"line":4,"column":0}}}},"statementMap":{"1":{"start":{"line":1,"column":0},"end":{"line":1,"column":38}},"2":{"start":{"line":3,"column":0},"end":{"line":6,"column":1}},"3":{"start":{"line":5,"column":4},"end":{"line":5,"column":55}},"4":{"start":{"line":8,"column":0},"end":{"line":10,"column":1}}},"branchMap":{}},"D:\\Workspace\\VSCode-NodeJS\\istanbul-code-coverage-poc\\src\\function4.js":{"path":"D:\\Workspace\\VSCode-NodeJS\\istanbul-code-coverage-poc\\src\\function4.js","s":{"1":1,"2":1,"3":1},"b":{},"f":{"1":1},"fnMap":{"1":{"name":"function4","line":1,"loc":{"start":{"line":1,"column":0},"end":{"line":2,"column":0}}}},"statementMap":{"1":{"start":{"line":1,"column":0},"end":{"line":4,"column":1}},"2":{"start":{"line":3,"column":4},"end":{"line":3,"column":30}},"3":{"start":{"line":6,"column":0},"end":{"line":8,"column":1}}},"branchMap":{}},"D:\\Workspace\\VSCode-NodeJS\\istanbul-code-coverage-poc\\src\\index.js":{"path":"D:\\Workspace\\VSCode-NodeJS\\istanbul-code-coverage-poc\\src\\index.js","s":{"1":0,"2":0,"3":0,"4":0,"5":0,"6":0,"7":0,"8":0,"9":0},"b":{},"f":{"1":0},"fnMap":{"1":{"name":"indexFunction","line":5,"loc":{"start":{"line":5,"column":0},"end":{"line":6,"column":0}}}},"statementMap":{"1":{"start":{"line":1,"column":0},"end":{"line":1,"column":38}},"2":{"start":{"line":2,"column":0},"end":{"line":2,"column":38}},"3":{"start":{"line":3,"column":0},"end":{"line":3,"column":38}},"4":{"start":{"line":5,"column":0},"end":{"line":11,"column":1}},"5":{"start":{"line":7,"column":4},"end":{"line":7,"column":35}},"6":{"start":{"line":8,"column":4},"end":{"line":8,"column":35}},"7":{"start":{"line":9,"column":4},"end":{"line":9,"column":35}},"8":{"start":{"line":10,"column":4},"end":{"line":10,"column":38}},"9":{"start":{"line":13,"column":0},"end":{"line":15,"column":1}}},"branchMap":{}}}