{"D:\\Workspace\\VSCode-NodeJS\\istanbul-code-coverage-poc\\src\\function1.js":{"path":"D:\\Workspace\\VSCode-NodeJS\\istanbul-code-coverage-poc\\src\\function1.js","s":{"1":1,"2":1,"3":1},"b":{},"f":{"1":1},"fnMap":{"1":{"name":"function1","line":1,"loc":{"start":{"line":1,"column":0},"end":{"line":2,"column":0}}}},"statementMap":{"1":{"start":{"line":1,"column":0},"end":{"line":4,"column":1}},"2":{"start":{"line":3,"column":4},"end":{"line":3,"column":30}},"3":{"start":{"line":6,"column":0},"end":{"line":8,"column":1}}},"branchMap":{}},"D:\\Workspace\\VSCode-NodeJS\\istanbul-code-coverage-poc\\src\\function2.js":{"path":"D:\\Workspace\\VSCode-NodeJS\\istanbul-code-coverage-poc\\src\\function2.js","s":{"1":1,"2":1,"3":1},"b":{},"f":{"1":1},"fnMap":{"1":{"name":"function2","line":1,"loc":{"start":{"line":1,"column":0},"end":{"line":2,"column":0}}}},"statementMap":{"1":{"start":{"line":1,"column":0},"end":{"line":4,"column":1}},"2":{"start":{"line":3,"column":4},"end":{"line":3,"column":30}},"3":{"start":{"line":6,"column":0},"end":{"line":8,"column":1}}},"branchMap":{}},"D:\\Workspace\\VSCode-NodeJS\\istanbul-code-coverage-poc\\src\\function3.js":{"path":"D:\\Workspace\\VSCode-NodeJS\\istanbul-code-coverage-poc\\src\\function3.js","s":{"1":1,"2":1,"3":1,"4":1},"b":{},"f":{"1":1},"fnMap":{"1":{"name":"function3","line":3,"loc":{"start":{"line":3,"column":0},"end":{"line":4,"column":0}}}},"statementMap":{"1":{"start":{"line":1,"column":0},"end":{"line":1,"column":38}},"2":{"start":{"line":3,"column":0},"end":{"line":6,"column":1}},"3":{"start":{"line":5,"column":4},"end":{"line":5,"column":55}},"4":{"start":{"line":8,"column":0},"end":{"line":10,"column":1}}},"branchMap":{}},"D:\\Workspace\\VSCode-NodeJS\\istanbul-code-coverage-poc\\src\\function4.js":{"path":"D:\\Workspace\\VSCode-NodeJS\\istanbul-code-coverage-poc\\src\\function4.js","s":{"1":1,"2":1,"3":1},"b":{},"f":{"1":1},"fnMap":{"1":{"name":"function4","line":1,"loc":{"start":{"line":1,"column":0},"end":{"line":2,"column":0}}}},"statementMap":{"1":{"start":{"line":1,"column":0},"end":{"line":4,"column":1}},"2":{"start":{"line":3,"column":4},"end":{"line":3,"column":30}},"3":{"start":{"line":6,"column":0},"end":{"line":8,"column":1}}},"branchMap":{}}}