TN:
SF:D:\Workspace\VSCode-NodeJS\istanbul-code-coverage-poc\src\function1.js
FN:1,function1
FNF:1
FNH:1
FNDA:1,function1
DA:1,1
DA:3,1
DA:6,1
LF:3
LH:3
BRF:0
BRH:0
end_of_record
TN:
SF:D:\Workspace\VSCode-NodeJS\istanbul-code-coverage-poc\src\function2.js
FN:1,function2
FNF:1
FNH:1
FNDA:1,function2
DA:1,1
DA:3,1
DA:6,1
LF:3
LH:3
BRF:0
BRH:0
end_of_record
TN:
SF:D:\Workspace\VSCode-NodeJS\istanbul-code-coverage-poc\src\function3.js
FN:3,function3
FNF:1
FNH:1
FNDA:1,function3
DA:1,1
DA:3,1
DA:5,1
DA:8,1
LF:4
LH:4
BRF:0
BRH:0
end_of_record
TN:
SF:D:\Workspace\VSCode-NodeJS\istanbul-code-coverage-poc\src\function4.js
FN:1,function4
FNF:1
FNH:1
FNDA:1,function4
DA:1,1
DA:3,1
DA:6,1
LF:3
LH:3
BRF:0
BRH:0
end_of_record
